C51 COMPILER V9.54   MAIN                                                                  03/30/2026 10:49:59 PAGE 1   


C51 COMPILER V9.54, COMPILATION OF MODULE MAIN
OBJECT MODULE PLACED IN .\Objects\main.obj
COMPILER INVOKED BY: C:\keil4\C51\BIN\C51.EXE main.c OPTIMIZE(8,SPEED) BROWSE DEBUG OBJECTEXTEND PRINT(.\Listings\main.l
                    -st) OBJECT(.\Objects\main.obj)

line level    source

   1          #include <REGX52.H>
   2          #include "Delay.h"
   3          #include "Timer0.h"
   4          
   5          //==================== 硬件定义 ====================
   6          sbit Buzzer = P2^5;
   7          sbit KEY1  = P3^1;   // 按键1：一闪一闪亮晶晶
   8          sbit KEY2  = P3^0;   // 按键2：天空之城
   9          
  10          //==================== 播放参数 ====================
  11          #define SPEED    500
  12          
  13          //==================== 音符索引 ====================
  14          #define P      0
  15          #define L1     1
  16          #define L1_    2
  17          #define L2     3
  18          #define L2_    4
  19          #define L3     5
  20          #define L4     6
  21          #define L4_    7
  22          #define L5     8
  23          #define L5_    9
  24          #define L6     10
  25          #define L6_    11
  26          #define L7     12
  27          #define M1     13
  28          #define M1_    14
  29          #define M2     15
  30          #define M2_    16
  31          #define M3     17
  32          #define M4     18
  33          #define M4_    19
  34          #define M5     20
  35          #define M5_    21
  36          #define M6     22
  37          #define M6_    23
  38          #define M7     24
  39          #define H1     25
  40          #define H1_    26
  41          #define H2     27
  42          #define H2_    28
  43          #define H3     29
  44          #define H4     30
  45          #define H4_    31
  46          #define H5     32
  47          #define H5_    33
  48          #define H6     34
  49          #define H6_    35
  50          #define H7     36
  51          
  52          //==================== 频率表（12MHz专用） ====================
  53          unsigned int FreqTable[]={
  54                  0,
C51 COMPILER V9.54   MAIN                                                                  03/30/2026 10:49:59 PAGE 2   

  55                  63628,63731,63835,63928,64021,64103,64185,64260,64331,64400,64463,64528,
  56                  64580,64633,64684,64732,64777,64820,64860,64898,64934,64968,65000,65030,
  57                  65058,65085,65110,65134,65157,65178,65198,65217,65235,65252,65268,65283,
  58          };
  59          
  60          //==================== 乐谱1：一闪一闪亮晶晶 ====================
  61          unsigned char code Music_Star[]={
  62                  M1,4,   M1,4,   M5,4,   M5,4,
  63                  M6,4,   M6,4,   M5,8,
  64                  
  65                  M4,4,   M4,4,   M3,4,   M3,4,
  66                  M2,4,   M2,4,   M1,8,
  67                  
  68                  M5,4,   M5,4,   M4,4,   M4,4,
  69                  M3,4,   M3,4,   M2,8,
  70                  
  71                  M5,4,   M5,4,   M4,4,   M4,4,
  72                  M3,4,   M3,4,   M2,8,
  73                  
  74                  M1,4,   M1,4,   M5,4,   M5,4,
  75                  M6,4,   M6,4,   M5,8,
  76                  
  77                  M4,4,   M4,4,   M3,4,   M3,4,
  78                  M2,4,   M2,4,   M1,8,
  79                  
  80                  0xFF
  81          };
  82          
  83          //==================== 乐谱2：天空之城 ====================
  84          unsigned char code Music_Sky[]={
  85                  P,4,P,4,P,4,M6,2,M7,2,
  86                  H1,6,M7,2,H1,4,H3,4,
  87                  M7,12,M3,2,M3,2,
  88                  M6,6,M5,2,M6,4,H1,4,
  89                  M5,12,M3,4,
  90                  M4,6,M3,2,M4,4,H1,4,
  91                  M3,8,P,2,H1,2,H1,2,H1,2,
  92                  M7,6,M4_,2,M4_,4,M7,4,
  93                  M7,8,P,4,M6,2,M7,2,
  94                  H1,6,M7,2,H1,4,H3,4,
  95                  M7,12,M3,2,M3,2,
  96                  M6,6,M5,2,M6,4,H1,4,
  97                  M5,12,M2,2,M3,2,
  98                  M4,4,H1,2,M7,4,H1,6,
  99                  H2,2,H2,2,H3,2,H1,10,
 100                  H1,2,M7,2,M6,2,M6,2,M7,4,M5_,4,
 101                  M6,12,H1,2,H2,2,
 102                  H3,6,H2,2,H3,4,H5,4,
 103                  H2,12,M5,2,M5,2,
 104                  H1,6,M7,2,H1,4,H3,4,
 105                  H3,16,
 106                  M6,2,M7,2,H1,4,M7,4,H2,4,H2,2,
 107                  H1,10,M5,6,
 108                  H4,4,H3,4,H3,4,H1,4,
 109                  H3,12,H3,4,
 110                  H6,8,H5,4,H5,4,
 111                  H3,2,H2,2,H1,8,P,2,H1,2,
 112                  H2,4,H1,2,H2,2,H2,4,H5,4,
 113                  H3,12,H3,4,
 114                  H6,8,H5,8,
 115                  H3,2,H2,2,H1,8,P,2,H1,2,
 116                  H2,4,H1,2,H2,6,M7,4,
C51 COMPILER V9.54   MAIN                                                                  03/30/2026 10:49:59 PAGE 3   

 117                  M6,12,P,4,
 118                  
 119                  0xFF
 120          };
 121          
 122          //==================== 全局变量 ====================
 123          unsigned char FreqSelect, MusicSelect;
 124          
 125          //==================== 按键扫描（防抖） ====================
 126          unsigned char KeyScan(void)
 127          {
 128   1              if(KEY1 == 0)
 129   1              {
 130   2                      Delay(20);
 131   2                      if(KEY1 == 0)
 132   2                      {
 133   3                              while(KEY1 == 0);
 134   3                              return 1;
 135   3                      }
 136   2              }
 137   1              if(KEY2 == 0)
 138   1              {
 139   2                      Delay(20);
 140   2                      if(KEY2 == 0)
 141   2                      {
 142   3                              while(KEY2 == 0);
 143   3                              return 2;
 144   3                      }
 145   2              }
 146   1              return 0;
 147   1      }
 148          
 149          //==================== 播放函数 ====================
 150          void PlayMusic(unsigned char code *music)
 151          {
 152   1              TR0 = 0;
 153   1              MusicSelect = 0;
 154   1              
 155   1              while(1)
 156   1              {
 157   2                      if(music[MusicSelect] == 0xFF)
 158   2                      {
 159   3                              TR0 = 0;
 160   3                              break;
 161   3                      }
 162   2                      
 163   2                      FreqSelect = music[MusicSelect];
 164   2                      MusicSelect++;
 165   2                      TR0 = 1;
 166   2                      Delay(SPEED/4 * music[MusicSelect]);
 167   2                      MusicSelect++;
 168   2                      TR0 = 0;
 169   2                      Delay(5);
 170   2              }
 171   1      }
 172          
 173          //==================== 主函数 ====================
 174          void main()
 175          {
 176   1              Timer0Init();
 177   1              TR0 = 0;
 178   1              while(1)
C51 COMPILER V9.54   MAIN                                                                  03/30/2026 10:49:59 PAGE 4   

 179   1              {
 180   2                      unsigned char key = KeyScan();
 181   2                      if(key == 1)
 182   2                      {
 183   3                              PlayMusic(Music_Star);
 184   3                      }
 185   2                      if(key == 2)
 186   2                      {
 187   3                              PlayMusic(Music_Sky);
 188   3                      }
 189   2              }
 190   1      }
 191          
 192          //==================== 定时器0中断 ====================
 193          void Timer0_Routine() interrupt 1
 194          {
 195   1              if(FreqTable[FreqSelect])
 196   1              {
 197   2                      TL0 = FreqTable[FreqSelect] % 256;
 198   2                      TH0 = FreqTable[FreqSelect] / 256;
 199   2                      Buzzer = !Buzzer;
 200   2              }
 201   1      }


MODULE INFORMATION:   STATIC OVERLAYABLE
   CODE SIZE        =    200    ----
   CONSTANT SIZE    =    326    ----
   XDATA SIZE       =   ----    ----
   PDATA SIZE       =   ----    ----
   DATA SIZE        =     76       3
   IDATA SIZE       =   ----    ----
   BIT SIZE         =   ----    ----
END OF MODULE INFORMATION.


C51 COMPILATION COMPLETE.  0 WARNING(S),  0 ERROR(S)
